GROUP,PACKAGE,CLASS,INSTRUCTION_MISSED,INSTRUCTION_COVERED,BRANCH_MISSED,BRANCH_COVERED,LINE_MISSED,LINE_COVERED,COMPLEXITY_MISSED,COMPLEXITY_COVERED,METHOD_MISSED,METHOD_COVERED
ToDo-App,com.example.ToDo_App.controller,HelloController,2,3,0,0,1,1,1,1,1,1
ToDo-App,com.example.ToDo_App.controller,ToDoController,139,61,7,3,31,15,9,5,5,4
ToDo-App,com.example.ToDo_App,ToDoAppApplication,5,3,0,0,2,1,1,1,1,1
ToDo-App,com.example.ToDo_App.model,ToDo,42,27,0,0,18,12,12,7,12,7
ToDo-App,com.example.ToDo_App.service,ToDoService,252,33,30,1,64,5,29,4,12,4
