<?xml version="1.0" encoding="UTF-8"?>
<testsuite xmlns:xsi="http://www.w3.org/2001/XMLSchema-instance" xsi:noNamespaceSchemaLocation="https://maven.apache.org/surefire/maven-surefire-plugin/xsd/surefire-test-report-3.0.xsd" version="3.0" name="com.example.ToDo_App.controller.ToDoControllerTest" time="3.872" tests="6" errors="0" skipped="0" failures="0">
  <properties>
[...]
</properties>
  <testcase name="testAddToDoItem_View" classname="com.example.ToDo_App.controller.ToDoControllerTest" time="0.146">
    <system-out><![CDATA[17:06:07.865 [main] INFO org.springframework.test.context.support.AnnotationConfigContextLoaderUtils -- Could not detect default configuration classes for test class [com.example.ToDo_App.controller.ToDoControllerTest]: ToDoControllerTest does not declare any static, non-private, non-final, nested classes annotated with @Configuration.
17:06:08.095 [main] INFO org.springframework.boot.test.context.SpringBootTestContextBootstrapper -- Found @SpringBootConfiguration com.example.ToDo_App.ToDoAppApplication for test class com.example.ToDo_App.controller.ToDoControllerTest
17:06:08.238 [main] INFO org.springframework.boot.devtools.restart.RestartApplicationListener -- Restart disabled due to context in which it is running

  .   ____          _            __ _ _
 /\\ / ___'_ __ _ _(_)_ __  __ _ \ \ \ \
( ( )\___ | '_ | '_| | '_ \/ _` | \ \ \ \
 \\/  ___)| |_)| | | | | || (_| |  ) ) ) )
  '  |____| .__|_| |_|_| |_\__, | / / / /
 =========|_|==============|___/=/_/_/_/

 :: Spring Boot ::                (v3.3.4)

2025-12-23T17:06:08.687+01:00  INFO 25196 --- [ToDo-App] [           main] c.e.T.controller.ToDoControllerTest      : Starting ToDoControllerTest using Java 21.0.4 with PID 25196 (started by Administrator in C:\Users\Administrator\Desktop\Ris projekat\TaskFlow)
2025-12-23T17:06:08.689+01:00  INFO 25196 --- [ToDo-App] [           main] c.e.T.controller.ToDoControllerTest      : No active profile set, falling back to 1 default profile: "default"
2025-12-23T17:06:11.137+01:00  INFO 25196 --- [ToDo-App] [           main] o.s.b.t.m.w.SpringBootMockServletContext : Initializing Spring TestDispatcherServlet ''
2025-12-23T17:06:11.137+01:00  INFO 25196 --- [ToDo-App] [           main] o.s.t.web.servlet.TestDispatcherServlet  : Initializing Servlet ''
2025-12-23T17:06:11.140+01:00  INFO 25196 --- [ToDo-App] [           main] o.s.t.web.servlet.TestDispatcherServlet  : Completed initialization in 2 ms
2025-12-23T17:06:11.174+01:00  INFO 25196 --- [ToDo-App] [           main] c.e.T.controller.ToDoControllerTest      : Started ToDoControllerTest in 2.958 seconds (process running for 4.524)
]]></system-out>
    <system-err><![CDATA[WARNING: A Java agent has been loaded dynamically (C:\Users\Administrator\.m2\repository\net\bytebuddy\byte-buddy-agent\1.14.19\byte-buddy-agent-1.14.19.jar)
WARNING: If a serviceability tool is in use, please run with -XX:+EnableDynamicAgentLoading to hide this warning
WARNING: If a serviceability tool is not in use, please run with -Djdk.instrument.traceUsage for more information
WARNING: Dynamic loading of agents will be disallowed by default in a future release
]]></system-err>
  </testcase>
  <testcase name="testUpdateToDoStatus_Success" classname="com.example.ToDo_App.controller.ToDoControllerTest" time="0.05"/>
  <testcase name="testViewAllToDoItems" classname="com.example.ToDo_App.controller.ToDoControllerTest" time="0.022"/>
  <testcase name="testViewAllToDoItems_NotFound" classname="com.example.ToDo_App.controller.ToDoControllerTest" time="0.012"/>
  <testcase name="testUpdateToDoStatus_Failure" classname="com.example.ToDo_App.controller.ToDoControllerTest" time="0.004"/>
  <testcase name="testViewAllToDoItems_Success" classname="com.example.ToDo_App.controller.ToDoControllerTest" time="0.007"/>
</testsuite>