<?xml version="1.0" encoding="UTF-8"?>
<testsuite xmlns:xsi="http://www.w3.org/2001/XMLSchema-instance" xsi:noNamespaceSchemaLocation="https://maven.apache.org/surefire/maven-surefire-plugin/xsd/surefire-test-report-3.0.xsd" version="3.0" name="com.example.ToDo_App.ToDoAppApplicationTests" time="3.244" tests="1" errors="0" skipped="0" failures="0">
  <properties>
[...]
</properties>
  <testcase name="contextLoads" classname="com.example.ToDo_App.ToDoAppApplicationTests" time="0.003">
    <system-out><![CDATA[2025-12-23T17:06:11.724+01:00  INFO 25196 --- [ToDo-App] [           main] t.c.s.AnnotationConfigContextLoaderUtils : Could not detect default configuration classes for test class [com.example.ToDo_App.ToDoAppApplicationTests]: ToDoAppApplicationTests does not declare any static, non-private, non-final, nested classes annotated with @Configuration.
2025-12-23T17:06:11.734+01:00  INFO 25196 --- [ToDo-App] [           main] .b.t.c.SpringBootTestContextBootstrapper : Found @SpringBootConfiguration com.example.ToDo_App.ToDoAppApplication for test class com.example.ToDo_App.ToDoAppApplicationTests
2025-12-23T17:06:11.741+01:00  INFO 25196 --- [ToDo-App] [           main] o.s.b.d.r.RestartApplicationListener     : Restart disabled due to context in which it is running

  .   ____          _            __ _ _
 /\\ / ___'_ __ _ _(_)_ __  __ _ \ \ \ \
( ( )\___ | '_ | '_| | '_ \/ _` | \ \ \ \
 \\/  ___)| |_)| | | | | || (_| |  ) ) ) )
  '  |____| .__|_| |_|_| |_\__, | / / / /
 =========|_|==============|___/=/_/_/_/

 :: Spring Boot ::                (v3.3.4)

2025-12-23T17:06:11.772+01:00  INFO 25196 --- [ToDo-App] [           main] c.e.ToDo_App.ToDoAppApplicationTests     : Starting ToDoAppApplicationTests using Java 21.0.4 with PID 25196 (started by Administrator in C:\Users\Administrator\Desktop\Ris projekat\TaskFlow)
2025-12-23T17:06:11.773+01:00  INFO 25196 --- [ToDo-App] [           main] c.e.ToDo_App.ToDoAppApplicationTests     : The following 1 profile is active: "test"
2025-12-23T17:06:12.110+01:00  INFO 25196 --- [ToDo-App] [           main] .s.d.r.c.RepositoryConfigurationDelegate : Bootstrapping Spring Data JPA repositories in DEFAULT mode.
2025-12-23T17:06:12.158+01:00  INFO 25196 --- [ToDo-App] [           main] .s.d.r.c.RepositoryConfigurationDelegate : Finished Spring Data repository scanning in 39 ms. Found 1 JPA repository interface.
2025-12-23T17:06:12.482+01:00  INFO 25196 --- [ToDo-App] [           main] o.hibernate.jpa.internal.util.LogHelper  : HHH000204: Processing PersistenceUnitInfo [name: default]
2025-12-23T17:06:12.588+01:00  INFO 25196 --- [ToDo-App] [           main] org.hibernate.Version                    : HHH000412: Hibernate ORM core version 6.5.3.Final
2025-12-23T17:06:12.643+01:00  INFO 25196 --- [ToDo-App] [           main] o.h.c.internal.RegionFactoryInitiator    : HHH000026: Second-level cache disabled
2025-12-23T17:06:12.840+01:00  INFO 25196 --- [ToDo-App] [           main] o.s.o.j.p.SpringPersistenceUnitInfo      : No LoadTimeWeaver setup: ignoring JPA class transformer
2025-12-23T17:06:12.891+01:00  INFO 25196 --- [ToDo-App] [           main] com.zaxxer.hikari.HikariDataSource       : HikariPool-1 - Starting...
2025-12-23T17:06:13.269+01:00  INFO 25196 --- [ToDo-App] [           main] com.zaxxer.hikari.pool.HikariPool        : HikariPool-1 - Added connection conn0: url=jdbc:h2:mem:testdb user=SA
2025-12-23T17:06:13.271+01:00  INFO 25196 --- [ToDo-App] [           main] com.zaxxer.hikari.HikariDataSource       : HikariPool-1 - Start completed.
2025-12-23T17:06:13.311+01:00  WARN 25196 --- [ToDo-App] [           main] org.hibernate.orm.deprecation            : HHH90000025: H2Dialect does not need to be specified explicitly using 'hibernate.dialect' (remove the property setting and it will be selected by default)
2025-12-23T17:06:14.282+01:00  INFO 25196 --- [ToDo-App] [           main] o.h.e.t.j.p.i.JtaPlatformInitiator       : HHH000489: No JTA platform available (set 'hibernate.transaction.jta.platform' to enable JTA platform integration)
Hibernate: drop table if exists todo cascade 
Hibernate: drop sequence if exists todo_seq
Hibernate: create sequence todo_seq start with 1 increment by 50
Hibernate: create table todo (time time(6), date timestamp(6), doing_start_time timestamp(6), done_time timestamp(6), id bigint not null, next_due_date timestamp(6), repeat_frequency varchar(255), status varchar(255), title varchar(255), primary key (id))
2025-12-23T17:06:14.338+01:00  INFO 25196 --- [ToDo-App] [           main] j.LocalContainerEntityManagerFactoryBean : Initialized JPA EntityManagerFactory for persistence unit 'default'
2025-12-23T17:06:14.802+01:00  WARN 25196 --- [ToDo-App] [           main] JpaBaseConfiguration$JpaWebConfiguration : spring.jpa.open-in-view is enabled by default. Therefore, database queries may be performed during view rendering. Explicitly configure spring.jpa.open-in-view to disable this warning
2025-12-23T17:06:14.959+01:00  INFO 25196 --- [ToDo-App] [           main] c.e.ToDo_App.ToDoAppApplicationTests     : Started ToDoAppApplicationTests in 3.218 seconds (process running for 8.31)
]]></system-out>
  </testcase>
</testsuite>